<?xml version="1.0" encoding="UTF-8"?>
<testsuite name="com.AfangidehAyah.EntryControllerTests" tests="1" skipped="0" failures="0" errors="0" timestamp="2023-02-03T19:56:14" hostname="DESKTOP-QIQP6P6" time="0.05">
  <properties/>
  <testcase name="itexists()" classname="com.AfangidehAyah.EntryControllerTests" time="0.05"/>
  <system-out><![CDATA[13:56:11.812 [Test worker] DEBUG org.springframework.test.context.BootstrapUtils - Instantiating CacheAwareContextLoaderDelegate from class [org.springframework.test.context.cache.DefaultCacheAwareContextLoaderDelegate]
13:56:11.829 [Test worker] DEBUG org.springframework.test.context.BootstrapUtils - Instantiating BootstrapContext using constructor [public org.springframework.test.context.support.DefaultBootstrapContext(java.lang.Class,org.springframework.test.context.CacheAwareContextLoaderDelegate)]
13:56:11.901 [Test worker] DEBUG org.springframework.test.context.BootstrapUtils - Instantiating TestContextBootstrapper for test class [com.AfangidehAyah.EntryControllerTests] from class [org.springframework.boot.test.context.SpringBootTestContextBootstrapper]
13:56:11.918 [Test worker] INFO org.springframework.boot.test.context.SpringBootTestContextBootstrapper - Neither @ContextConfiguration nor @ContextHierarchy found for test class [com.AfangidehAyah.EntryControllerTests], using SpringBootContextLoader
13:56:11.923 [Test worker] DEBUG org.springframework.test.context.support.AbstractContextLoader - Did not detect default resource location for test class [com.AfangidehAyah.EntryControllerTests]: class path resource [com/AfangidehAyah/EntryControllerTests-context.xml] does not exist
13:56:11.924 [Test worker] DEBUG org.springframework.test.context.support.AbstractContextLoader - Did not detect default resource location for test class [com.AfangidehAyah.EntryControllerTests]: class path resource [com/AfangidehAyah/EntryControllerTestsContext.groovy] does not exist
13:56:11.924 [Test worker] INFO org.springframework.test.context.support.AbstractContextLoader - Could not detect default resource locations for test class [com.AfangidehAyah.EntryControllerTests]: no resource found for suffixes {-context.xml, Context.groovy}.
13:56:11.989 [Test worker] DEBUG org.springframework.test.context.support.ActiveProfilesUtils - Could not find an 'annotation declaring class' for annotation type [org.springframework.test.context.ActiveProfiles] and class [com.AfangidehAyah.EntryControllerTests]
13:56:12.139 [Test worker] DEBUG org.springframework.boot.test.context.SpringBootTestContextBootstrapper - @TestExecutionListeners is not present for class [com.AfangidehAyah.EntryControllerTests]: using defaults.
13:56:12.140 [Test worker] INFO org.springframework.boot.test.context.SpringBootTestContextBootstrapper - Loaded default TestExecutionListener class names from location [META-INF/spring.factories]: [org.springframework.boot.test.autoconfigure.restdocs.RestDocsTestExecutionListener, org.springframework.boot.test.autoconfigure.web.client.MockRestServiceServerResetTestExecutionListener, org.springframework.boot.test.autoconfigure.web.servlet.MockMvcPrintOnlyOnFailureTestExecutionListener, org.springframework.boot.test.autoconfigure.web.servlet.WebDriverTestExecutionListener, org.springframework.boot.test.autoconfigure.webservices.client.MockWebServiceServerTestExecutionListener, org.springframework.boot.test.mock.mockito.MockitoTestExecutionListener, org.springframework.boot.test.mock.mockito.ResetMocksTestExecutionListener, org.springframework.test.context.web.ServletTestExecutionListener, org.springframework.test.context.support.DirtiesContextBeforeModesTestExecutionListener, org.springframework.test.context.event.ApplicationEventsTestExecutionListener, org.springframework.test.context.support.DependencyInjectionTestExecutionListener, org.springframework.test.context.support.DirtiesContextTestExecutionListener, org.springframework.test.context.transaction.TransactionalTestExecutionListener, org.springframework.test.context.jdbc.SqlScriptsTestExecutionListener, org.springframework.test.context.event.EventPublishingTestExecutionListener]
13:56:12.167 [Test worker] INFO org.springframework.boot.test.context.SpringBootTestContextBootstrapper - Using TestExecutionListeners: [org.springframework.test.context.web.ServletTestExecutionListener@585811a4, org.springframework.test.context.support.DirtiesContextBeforeModesTestExecutionListener@22c01ab0, org.springframework.test.context.event.ApplicationEventsTestExecutionListener@411341bd, org.springframework.boot.test.mock.mockito.MockitoTestExecutionListener@4c4d362a, org.springframework.boot.test.autoconfigure.SpringBootDependencyInjectionTestExecutionListener@5400db36, org.springframework.test.context.support.DirtiesContextTestExecutionListener@76b74e9c, org.springframework.test.context.transaction.TransactionalTestExecutionListener@2d72f75e, org.springframework.test.context.jdbc.SqlScriptsTestExecutionListener@8ab78bc, org.springframework.test.context.event.EventPublishingTestExecutionListener@5aa0dbf4, org.springframework.boot.test.autoconfigure.restdocs.RestDocsTestExecutionListener@16afbd92, org.springframework.boot.test.autoconfigure.web.client.MockRestServiceServerResetTestExecutionListener@2c5d601e, org.springframework.boot.test.autoconfigure.web.servlet.MockMvcPrintOnlyOnFailureTestExecutionListener@7fe083b1, org.springframework.boot.test.autoconfigure.web.servlet.WebDriverTestExecutionListener@23c388c2, org.springframework.boot.test.autoconfigure.webservices.client.MockWebServiceServerTestExecutionListener@486be205, org.springframework.boot.test.mock.mockito.ResetMocksTestExecutionListener@f713686]
13:56:12.173 [Test worker] DEBUG org.springframework.test.context.support.AbstractDirtiesContextTestExecutionListener - Before test class: context [DefaultTestContext@2ca47471 testClass = EntryControllerTests, testInstance = [null], testMethod = [null], testException = [null], mergedContextConfiguration = [WebMergedContextConfiguration@5a021cb9 testClass = EntryControllerTests, locations = '{}', classes = '{class com.AfangidehAyah.EntryControllerTests}', contextInitializerClasses = '[]', activeProfiles = '{}', propertySourceLocations = '{}', propertySourceProperties = '{org.springframework.boot.test.context.SpringBootTestContextBootstrapper=true}', contextCustomizers = set[org.springframework.boot.test.autoconfigure.actuate.metrics.MetricsExportContextCustomizerFactory$DisableMetricExportContextCustomizer@1f2f9244, org.springframework.boot.test.autoconfigure.properties.PropertyMappingContextCustomizer@0, org.springframework.boot.test.autoconfigure.web.servlet.WebDriverContextCustomizerFactory$Customizer@3fffff43, org.springframework.boot.test.context.filter.ExcludeFilterContextCustomizer@2e11485, org.springframework.boot.test.json.DuplicateJsonObjectContextCustomizerFactory$DuplicateJsonObjectContextCustomizer@27305e6, org.springframework.boot.test.mock.mockito.MockitoContextCustomizer@0, org.springframework.boot.test.web.client.TestRestTemplateContextCustomizer@51cd7ffc, org.springframework.boot.test.context.SpringBootTestArgs@1, org.springframework.boot.test.context.SpringBootTestWebEnvironment@35a3d49f], resourceBasePath = 'src/main/webapp', contextLoader = 'org.springframework.boot.test.context.SpringBootContextLoader', parent = [null]], attributes = map['org.springframework.test.context.web.ServletTestExecutionListener.activateListener' -> true]], class annotated with @DirtiesContext [false] with mode [null].

  .   ____          _            __ _ _
 /\\ / ___'_ __ _ _(_)_ __  __ _ \ \ \ \
( ( )\___ | '_ | '_| | '_ \/ _` | \ \ \ \
 \\/  ___)| |_)| | | | | || (_| |  ) ) ) )
  '  |____| .__|_| |_|_| |_\__, | / / / /
 =========|_|==============|___/=/_/_/_/
 :: Spring Boot ::                (v2.7.2)

2023-02-03 13:56:12.936  INFO 21552 --- [    Test worker] com.AfangidehAyah.EntryControllerTests   : Starting EntryControllerTests using Java 11.0.12 on DESKTOP-QIQP6P6 with PID 21552 (started by Admin in C:\Current-Projects\Andikappa\Andi-Kappa-Translator-App-\andikappa\esit_andikappa\Andikappa)
2023-02-03 13:56:12.938  INFO 21552 --- [    Test worker] com.AfangidehAyah.EntryControllerTests   : No active profile set, falling back to 1 default profile: "default"
2023-02-03 13:56:13.011  WARN 21552 --- [    Test worker] o.s.b.c.config.ConfigDataEnvironment     : Property 'spring.profiles' imported from location 'class path resource [application.yml]' is invalid and should be replaced with 'spring.config.activate.on-profile' [origin: class path resource [application.yml] - 47:13]
2023-02-03 13:56:13.012  WARN 21552 --- [    Test worker] o.s.b.c.config.ConfigDataEnvironment     : Property 'spring.profiles' imported from location 'class path resource [application.yml]' is invalid and should be replaced with 'spring.config.activate.on-profile' [origin: class path resource [application.yml] - 22:13]
2023-02-03 13:56:13.012  WARN 21552 --- [    Test worker] o.s.b.c.config.ConfigDataEnvironment     : Property 'spring.profiles' imported from location 'class path resource [application.yml]' is invalid and should be replaced with 'spring.config.activate.on-profile' [origin: class path resource [application.yml] - 15:13]
2023-02-03 13:56:13.012  WARN 21552 --- [    Test worker] o.s.b.c.config.ConfigDataEnvironment     : Property 'spring.profiles' imported from location 'class path resource [application.yml]' is invalid and should be replaced with 'spring.config.activate.on-profile' [origin: class path resource [application.yml] - 9:13]
2023-02-03 13:56:13.194  INFO 21552 --- [    Test worker] com.AfangidehAyah.EntryControllerTests   : Started EntryControllerTests in 0.951 seconds (JVM running for 2.803)
]]></system-out>
  <system-err><![CDATA[]]></system-err>
</testsuite>
