<?xml version="1.0" encoding="UTF-8"?>
<testsuite name="com.AfangidehAyah.AndikappaApplicationTests" tests="1" skipped="0" failures="0" errors="0" timestamp="2023-02-03T19:56:14" hostname="DESKTOP-QIQP6P6" time="0.005">
  <properties/>
  <testcase name="contextLoads()" classname="com.AfangidehAyah.AndikappaApplicationTests" time="0.005"/>
  <system-out><![CDATA[2023-02-03 13:56:14.151  INFO 21552 --- [    Test worker] .b.t.c.SpringBootTestContextBootstrapper : Neither @ContextConfiguration nor @ContextHierarchy found for test class [com.AfangidehAyah.AndikappaApplicationTests], using SpringBootContextLoader
2023-02-03 13:56:14.153  INFO 21552 --- [    Test worker] o.s.t.c.support.AbstractContextLoader    : Could not detect default resource locations for test class [com.AfangidehAyah.AndikappaApplicationTests]: no resource found for suffixes {-context.xml, Context.groovy}.
2023-02-03 13:56:14.159  INFO 21552 --- [    Test worker] .b.t.c.SpringBootTestContextBootstrapper : Loaded default TestExecutionListener class names from location [META-INF/spring.factories]: [org.springframework.boot.test.autoconfigure.restdocs.RestDocsTestExecutionListener, org.springframework.boot.test.autoconfigure.web.client.MockRestServiceServerResetTestExecutionListener, org.springframework.boot.test.autoconfigure.web.servlet.MockMvcPrintOnlyOnFailureTestExecutionListener, org.springframework.boot.test.autoconfigure.web.servlet.WebDriverTestExecutionListener, org.springframework.boot.test.autoconfigure.webservices.client.MockWebServiceServerTestExecutionListener, org.springframework.boot.test.mock.mockito.MockitoTestExecutionListener, org.springframework.boot.test.mock.mockito.ResetMocksTestExecutionListener, org.springframework.test.context.web.ServletTestExecutionListener, org.springframework.test.context.support.DirtiesContextBeforeModesTestExecutionListener, org.springframework.test.context.event.ApplicationEventsTestExecutionListener, org.springframework.test.context.support.DependencyInjectionTestExecutionListener, org.springframework.test.context.support.DirtiesContextTestExecutionListener, org.springframework.test.context.transaction.TransactionalTestExecutionListener, org.springframework.test.context.jdbc.SqlScriptsTestExecutionListener, org.springframework.test.context.event.EventPublishingTestExecutionListener]
2023-02-03 13:56:14.160  INFO 21552 --- [    Test worker] .b.t.c.SpringBootTestContextBootstrapper : Using TestExecutionListeners: [org.springframework.test.context.web.ServletTestExecutionListener@3e33b52e, org.springframework.test.context.support.DirtiesContextBeforeModesTestExecutionListener@4c6a4ffd, org.springframework.test.context.event.ApplicationEventsTestExecutionListener@3aed69dd, org.springframework.boot.test.mock.mockito.MockitoTestExecutionListener@3f1a9a53, org.springframework.boot.test.autoconfigure.SpringBootDependencyInjectionTestExecutionListener@1ca3d25b, org.springframework.test.context.support.DirtiesContextTestExecutionListener@2287395, org.springframework.test.context.transaction.TransactionalTestExecutionListener@535a518c, org.springframework.test.context.jdbc.SqlScriptsTestExecutionListener@38f981b6, org.springframework.test.context.event.EventPublishingTestExecutionListener@3a4aadf8, org.springframework.boot.test.autoconfigure.restdocs.RestDocsTestExecutionListener@7bbfc5ff, org.springframework.boot.test.autoconfigure.web.client.MockRestServiceServerResetTestExecutionListener@7a682d35, org.springframework.boot.test.autoconfigure.web.servlet.MockMvcPrintOnlyOnFailureTestExecutionListener@ee8e7ff, org.springframework.boot.test.autoconfigure.web.servlet.WebDriverTestExecutionListener@61a2aeb7, org.springframework.boot.test.autoconfigure.webservices.client.MockWebServiceServerTestExecutionListener@64b70f41, org.springframework.boot.test.mock.mockito.ResetMocksTestExecutionListener@5f8d9767]

  .   ____          _            __ _ _
 /\\ / ___'_ __ _ _(_)_ __  __ _ \ \ \ \
( ( )\___ | '_ | '_| | '_ \/ _` | \ \ \ \
 \\/  ___)| |_)| | | | | || (_| |  ) ) ) )
  '  |____| .__|_| |_|_| |_\__, | / / / /
 =========|_|==============|___/=/_/_/_/
 :: Spring Boot ::                (v2.7.2)

2023-02-03 13:56:14.281  INFO 21552 --- [    Test worker] c.A.AndikappaApplicationTests            : Starting AndikappaApplicationTests using Java 11.0.12 on DESKTOP-QIQP6P6 with PID 21552 (started by Admin in C:\Current-Projects\Andikappa\Andi-Kappa-Translator-App-\andikappa\esit_andikappa\Andikappa)
2023-02-03 13:56:14.282  INFO 21552 --- [    Test worker] c.A.AndikappaApplicationTests            : No active profile set, falling back to 1 default profile: "default"
2023-02-03 13:56:14.287  WARN 21552 --- [    Test worker] o.s.b.c.config.ConfigDataEnvironment     : Property 'spring.profiles' imported from location 'class path resource [application.yml]' is invalid and should be replaced with 'spring.config.activate.on-profile' [origin: class path resource [application.yml] - 47:13]
2023-02-03 13:56:14.288  WARN 21552 --- [    Test worker] o.s.b.c.config.ConfigDataEnvironment     : Property 'spring.profiles' imported from location 'class path resource [application.yml]' is invalid and should be replaced with 'spring.config.activate.on-profile' [origin: class path resource [application.yml] - 22:13]
2023-02-03 13:56:14.288  WARN 21552 --- [    Test worker] o.s.b.c.config.ConfigDataEnvironment     : Property 'spring.profiles' imported from location 'class path resource [application.yml]' is invalid and should be replaced with 'spring.config.activate.on-profile' [origin: class path resource [application.yml] - 15:13]
2023-02-03 13:56:14.288  WARN 21552 --- [    Test worker] o.s.b.c.config.ConfigDataEnvironment     : Property 'spring.profiles' imported from location 'class path resource [application.yml]' is invalid and should be replaced with 'spring.config.activate.on-profile' [origin: class path resource [application.yml] - 9:13]
2023-02-03 13:56:14.310  INFO 21552 --- [    Test worker] c.A.AndikappaApplicationTests            : Started AndikappaApplicationTests in 0.148 seconds (JVM running for 3.92)
]]></system-out>
  <system-err><![CDATA[]]></system-err>
</testsuite>
